<?xml version="1.0" encoding="UTF-8"?>
<!-- Generated by org.testng.reporters.JUnitXMLReporter -->
<testsuite ignored="0" hostname="DESKTOP-MUEUS88" failures="1" tests="6" name="HomeLaon" time="0.102" errors="0" timestamp="2023-05-14T20:50:43 CEST">
  <testcase classname="TestPackage.MortageLoan" name="MortageLoanApp" time="0.015"/>
  <testcase classname="TestPackage.MortageLoan" name="MortageLoanBranch" time="0.003"/>
  <testcase classname="TestPackage.MortageLoan" name="MortageLoanWEB" time="0.005">
    <failure type="java.lang.AssertionError" message="expected [true] but found [false]">
      <![CDATA[java.lang.AssertionError: expected [true] but found [false]
at TestPackage.MortageLoan.MortageLoanWEB(MortageLoan.java:12)
at java.base/java.util.ArrayList.forEach(ArrayList.java:1511)
... Removed 31 stack frames]]>
    </failure>
  </testcase> <!-- MortageLoanWEB -->
  <testcase classname="TestPackage.SmartLoan" name="SmartLoanBranch" time="0.003"/>
  <testcase classname="TestPackage.SmartLoan" name="SmartLoanWEB" time="0.002"/>
  <testcase classname="TestPackage.SmartLoan" name="SmartLoannApp" time="0.002"/>
</testsuite> <!-- HomeLaon -->
