<?xml version="1.0" encoding="UTF-8"?>
<!-- Generated by org.testng.reporters.JUnitXMLReporter -->
<testsuite ignored="0" hostname="DESKTOP-MUEUS88" failures="2" tests="18" name="Test" time="0.194" errors="0" timestamp="2023-05-14T21:13:38 CEST">
  <testcase classname="TestPackage.MortageLoan" name="MortageLoanApp" time="0.022"/>
  <testcase classname="TestPackage.MortageLoan" name="MortageLoanBranch" time="0.003"/>
  <testcase classname="TestPackage.MortageLoan" name="MortageLoanWEB" time="0.003">
    <failure type="java.lang.AssertionError" message="expected [true] but found [false]">
      <![CDATA[java.lang.AssertionError: expected [true] but found [false]
at TestPackage.MortageLoan.MortageLoanWEB(MortageLoan.java:12)
at java.base/java.util.ArrayList.forEach(ArrayList.java:1511)
... Removed 31 stack frames]]>
    </failure>
  </testcase> <!-- MortageLoanWEB -->
  <testcase classname="TestPackage.FixedLoan" name="FixedLoanApp" time="0.002"/>
  <testcase classname="TestPackage.FixedLoan" name="FixedLoanBranch" time="0.003"/>
  <testcase classname="TestPackage.FixedLoan" name="FixedLoanWEB" time="0.002"/>
  <testcase classname="TestPackage.CarBuyLoan" name="CarBuyLoanApp" time="0.002">
    <failure type="java.lang.AssertionError" message="expected [true] but found [false]">
      <![CDATA[java.lang.AssertionError: expected [true] but found [false]
at TestPackage.CarBuyLoan.CarBuyLoanApp(CarBuyLoan.java:18)
at java.base/java.util.ArrayList.forEach(ArrayList.java:1511)
... Removed 31 stack frames]]>
    </failure>
  </testcase> <!-- CarBuyLoanApp -->
  <testcase classname="TestPackage.CarBuyLoan" name="CarBuyLoanBranch" time="0.002"/>
  <testcase classname="TestPackage.CarBuyLoan" name="CarBuyLoanWEB" time="0.003"/>
  <testcase classname="TestPackage.FlexiLoan" name="FlexiLoanApp" time="0.003"/>
  <testcase classname="TestPackage.FlexiLoan" name="FlexiLoanBranch" time="0.002"/>
  <testcase classname="TestPackage.FlexiLoan" name="FlexiLoanWEB" time="0.002"/>
  <testcase classname="TestPackage.CarLease" name="CarLeaseApp" time="0.002"/>
  <testcase classname="TestPackage.CarLease" name="CarLeaseBranch" time="0.002"/>
  <testcase classname="TestPackage.CarLease" name="CarLeaseWEB" time="0.002"/>
  <testcase classname="TestPackage.SmartLoan" name="SmartLoanBranch" time="0.003"/>
  <testcase classname="TestPackage.SmartLoan" name="SmartLoanWEB" time="0.003"/>
  <testcase classname="TestPackage.SmartLoan" name="SmartLoannApp" time="0.002"/>
</testsuite> <!-- Test -->
