<?xml version="1.0" encoding="UTF-8"?>
<!-- Generated by org.testng.reporters.JUnitXMLReporter -->
<testsuite ignored="0" hostname="DESKTOP-MUEUS88" failures="1" tests="20" name="Test" time="0.393" errors="0" timestamp="2023-05-14T20:40:27 CEST">
  <testcase classname="TestPackage.MortageLoan" name="MortageLoanApp" time="0.018"/>
  <testcase classname="TestPackage.MortageLoan" name="MortageLoanBranch" time="0.003"/>
  <testcase classname="TestPackage.MortageLoan" name="MortageLoanWEB" time="0.003"/>
  <testcase classname="TestPackage.FixedLoan" name="FixedLoanApp" time="0.006"/>
  <testcase classname="TestPackage.FixedLoan" name="FixedLoanBranch" time="0.003"/>
  <testcase classname="TestPackage.FixedLoan" name="FixedLoanWEB" time="0.01"/>
  <testcase classname="TestPackage.BasicTest" name="testcase1" time="0.002"/>
  <testcase classname="TestPackage.BasicTest" name="testcase2" time="0.005">
    <failure type="java.lang.AssertionError" message="expected [3] but found [4]">
      <![CDATA[java.lang.AssertionError: expected [3] but found [4]
at TestPackage.BasicTest.testcase2(BasicTest.java:23)
at java.base/java.util.ArrayList.forEach(ArrayList.java:1511)
... Removed 33 stack frames]]>
    </failure>
  </testcase> <!-- testcase2 -->
  <testcase classname="TestPackage.CarBuyLoan" name="CarBuyLoanApp" time="0.002"/>
  <testcase classname="TestPackage.CarBuyLoan" name="CarBuyLoanBranch" time="0.012"/>
  <testcase classname="TestPackage.CarBuyLoan" name="CarBuyLoanWEB" time="0.004"/>
  <testcase classname="TestPackage.FlexiLoan" name="FlexiLoanApp" time="0.003"/>
  <testcase classname="TestPackage.FlexiLoan" name="FlexiLoanBranch" time="0.003"/>
  <testcase classname="TestPackage.FlexiLoan" name="FlexiLoanWEB" time="0.003"/>
  <testcase classname="TestPackage.CarLease" name="CarLeaseApp" time="0.002"/>
  <testcase classname="TestPackage.CarLease" name="CarLeaseBranch" time="0.011"/>
  <testcase classname="TestPackage.CarLease" name="CarLeaseWEB" time="0.003"/>
  <testcase classname="TestPackage.SmartLoan" name="SmartLoanBranch" time="0.003"/>
  <testcase classname="TestPackage.SmartLoan" name="SmartLoanWEB" time="0.004"/>
  <testcase classname="TestPackage.SmartLoan" name="SmartLoannApp" time="0.009"/>
</testsuite> <!-- Test -->
